2025-11-25 18:26:15,346 - INFO - [app.py:87] - === Servidor Voltrace Iniciando ===
2025-11-25 18:26:15,348 - WARNING - [app.py:172] - ADVERTENCIA: DATABASE_URL no encontrada. Usando 'voltrace.db' (SQLite) local.
2025-11-25 18:26:15,572 - INFO - [app.py:332] - Base de datos inicializada y tablas creadas (si no existían).
2025-11-25 18:26:15,598 - INFO - [app.py:353] - Sincronizando DB: Ańadiendo logro 'first_win'...
2025-11-25 18:26:15,599 - INFO - [app.py:353] - Sincronizando DB: Ańadiendo logro 'first_game'...
2025-11-25 18:26:15,599 - INFO - [app.py:353] - Sincronizando DB: Ańadiendo logro 'first_room'...
2025-11-25 18:26:15,600 - INFO - [app.py:353] - Sincronizando DB: Ańadiendo logro 'first_ability'...
2025-11-25 18:26:15,600 - INFO - [app.py:353] - Sincronizando DB: Ańadiendo logro 'speed_demon'...
2025-11-25 18:26:15,600 - INFO - [app.py:353] - Sincronizando DB: Ańadiendo logro 'survivor'...
2025-11-25 18:26:15,601 - INFO - [app.py:353] - Sincronizando DB: Ańadiendo logro 'energy_master'...
2025-11-25 18:26:15,601 - INFO - [app.py:353] - Sincronizando DB: Ańadiendo logro 'ability_master'...
2025-11-25 18:26:15,601 - INFO - [app.py:353] - Sincronizando DB: Ańadiendo logro 'comeback_king'...
2025-11-25 18:26:15,601 - INFO - [app.py:353] - Sincronizando DB: Ańadiendo logro 'chat_king'...
2025-11-25 18:26:15,602 - INFO - [app.py:353] - Sincronizando DB: Ańadiendo logro 'room_host'...
2025-11-25 18:26:15,602 - INFO - [app.py:353] - Sincronizando DB: Ańadiendo logro 'social_butterfly'...
2025-11-25 18:26:15,602 - INFO - [app.py:353] - Sincronizando DB: Ańadiendo logro 'popular'...
2025-11-25 18:26:15,602 - INFO - [app.py:353] - Sincronizando DB: Ańadiendo logro 'chat_master'...
2025-11-25 18:26:15,602 - INFO - [app.py:353] - Sincronizando DB: Ańadiendo logro 'lucky_seven'...
2025-11-25 18:26:15,603 - INFO - [app.py:353] - Sincronizando DB: Ańadiendo logro 'treasure_hunter'...
2025-11-25 18:26:15,603 - INFO - [app.py:353] - Sincronizando DB: Ańadiendo logro 'trap_avoider'...
2025-11-25 18:26:15,603 - INFO - [app.py:353] - Sincronizando DB: Ańadiendo logro 'veteran'...
2025-11-25 18:26:15,603 - INFO - [app.py:353] - Sincronizando DB: Ańadiendo logro 'champion'...
2025-11-25 18:26:15,604 - INFO - [app.py:353] - Sincronizando DB: Ańadiendo logro 'dedicated'...
2025-11-25 18:26:15,604 - INFO - [app.py:353] - Sincronizando DB: Ańadiendo logro 'level_master'...
2025-11-25 18:26:15,604 - INFO - [app.py:353] - Sincronizando DB: Ańadiendo logro 'superviviente'...
2025-11-25 18:26:15,604 - INFO - [app.py:353] - Sincronizando DB: Ańadiendo logro 'meta_alcanzada'...
2025-11-25 18:26:15,605 - INFO - [app.py:353] - Sincronizando DB: Ańadiendo logro 'explosion_perfecta'...
2025-11-25 18:26:15,605 - INFO - [app.py:353] - Sincronizando DB: Ańadiendo logro 'reflejo_maestro'...
2025-11-25 18:26:15,605 - INFO - [app.py:353] - Sincronizando DB: Ańadiendo logro 'muralla_humana'...
2025-11-25 18:26:15,605 - INFO - [app.py:353] - Sincronizando DB: Ańadiendo logro 'fantasma'...
2025-11-25 18:26:15,606 - INFO - [app.py:353] - Sincronizando DB: Ańadiendo logro 'regenerador'...
2025-11-25 18:26:15,606 - INFO - [app.py:353] - Sincronizando DB: Ańadiendo logro 'ultimo_en_pie'...
2025-11-25 18:26:15,606 - INFO - [app.py:353] - Sincronizando DB: Ańadiendo logro 'viajero_dimensional'...
2025-11-25 18:26:15,606 - INFO - [app.py:353] - Sincronizando DB: Ańadiendo logro 'energizado'...
2025-11-25 18:26:15,607 - INFO - [app.py:353] - Sincronizando DB: Ańadiendo logro 'cazador_de_packs'...
2025-11-25 18:26:15,607 - INFO - [app.py:353] - Sincronizando DB: Ańadiendo logro 'inmortal'...
2025-11-25 18:26:15,607 - INFO - [app.py:353] - Sincronizando DB: Ańadiendo logro 'el_caotico'...
2025-11-25 18:26:15,607 - INFO - [app.py:353] - Sincronizando DB: Ańadiendo logro 'equilibrio_cosmico'...
2025-11-25 18:26:15,607 - INFO - [app.py:353] - Sincronizando DB: Ańadiendo logro 'coleccionista'...
2025-11-25 18:26:15,608 - INFO - [app.py:353] - Sincronizando DB: Ańadiendo logro 'perfeccionista'...
2025-11-25 18:26:15,608 - INFO - [app.py:353] - Sincronizando DB: Ańadiendo logro 'estratega_supremo'...
2025-11-25 18:26:15,608 - INFO - [app.py:353] - Sincronizando DB: Ańadiendo logro 'maratonista'...
2025-11-25 18:26:15,609 - INFO - [app.py:353] - Sincronizando DB: Ańadiendo logro 'precision_laser'...
2025-11-25 18:26:15,622 - INFO - [app.py:358] - ˇSincronización de Logros completa! Se ańadieron 40 nuevos logros a la DB.
2025-11-25 18:26:15,639 - INFO - [app.py:2930] - Hilo de limpieza de salas iniciado.
2025-11-25 18:26:17,412 - ERROR - [app.py:525] - Error en registro: The session is unavailable because no secret key was set.  Set the secret_key on the application to something unique and secret.
Traceback (most recent call last):
  File "C:\Users\Lucca\Desktop\Projectos\VoltRace\app.py", line 499, in register
    login_user(new_user, remember=True)
    ~~~~~~~~~~^^^^^^^^^^^^^^^^^^^^^^^^^
  File "C:\Users\Lucca\Desktop\Projectos\VoltRace\.venv\Lib\site-packages\flask_login\utils.py", line 184, in login_user
    session["_user_id"] = user_id
    ~~~~~~~^^^^^^^^^^^^
  File "C:\Users\Lucca\Desktop\Projectos\VoltRace\.venv\Lib\site-packages\flask\sessions.py", line 104, in _fail
    raise RuntimeError(
    ...<3 lines>...
    )
RuntimeError: The session is unavailable because no secret key was set.  Set the secret_key on the application to something unique and secret.
2025-11-25 18:26:18,807 - ERROR - [app.py:525] - Error en registro: The session is unavailable because no secret key was set.  Set the secret_key on the application to something unique and secret.
Traceback (most recent call last):
  File "C:\Users\Lucca\Desktop\Projectos\VoltRace\app.py", line 499, in register
    login_user(new_user, remember=True)
    ~~~~~~~~~~^^^^^^^^^^^^^^^^^^^^^^^^^
  File "C:\Users\Lucca\Desktop\Projectos\VoltRace\.venv\Lib\site-packages\flask_login\utils.py", line 184, in login_user
    session["_user_id"] = user_id
    ~~~~~~~^^^^^^^^^^^^
  File "C:\Users\Lucca\Desktop\Projectos\VoltRace\.venv\Lib\site-packages\flask\sessions.py", line 104, in _fail
    raise RuntimeError(
    ...<3 lines>...
    )
RuntimeError: The session is unavailable because no secret key was set.  Set the secret_key on the application to something unique and secret.
2025-11-25 18:30:12,189 - INFO - [app.py:87] - === Servidor Voltrace Iniciando ===
2025-11-25 18:30:12,192 - WARNING - [app.py:172] - ADVERTENCIA: DATABASE_URL no encontrada. Usando 'voltrace.db' (SQLite) local.
2025-11-25 18:30:12,341 - INFO - [app.py:332] - Base de datos inicializada y tablas creadas (si no existían).
2025-11-25 18:30:12,374 - INFO - [app.py:353] - Sincronizando DB: Ańadiendo logro 'first_win'...
2025-11-25 18:30:12,375 - INFO - [app.py:353] - Sincronizando DB: Ańadiendo logro 'first_game'...
2025-11-25 18:30:12,375 - INFO - [app.py:353] - Sincronizando DB: Ańadiendo logro 'first_room'...
2025-11-25 18:30:12,376 - INFO - [app.py:353] - Sincronizando DB: Ańadiendo logro 'first_ability'...
2025-11-25 18:30:12,376 - INFO - [app.py:353] - Sincronizando DB: Ańadiendo logro 'speed_demon'...
2025-11-25 18:30:12,376 - INFO - [app.py:353] - Sincronizando DB: Ańadiendo logro 'survivor'...
2025-11-25 18:30:12,377 - INFO - [app.py:353] - Sincronizando DB: Ańadiendo logro 'energy_master'...
2025-11-25 18:30:12,377 - INFO - [app.py:353] - Sincronizando DB: Ańadiendo logro 'ability_master'...
2025-11-25 18:30:12,377 - INFO - [app.py:353] - Sincronizando DB: Ańadiendo logro 'comeback_king'...
2025-11-25 18:30:12,377 - INFO - [app.py:353] - Sincronizando DB: Ańadiendo logro 'chat_king'...
2025-11-25 18:30:12,378 - INFO - [app.py:353] - Sincronizando DB: Ańadiendo logro 'room_host'...
2025-11-25 18:30:12,378 - INFO - [app.py:353] - Sincronizando DB: Ańadiendo logro 'social_butterfly'...
2025-11-25 18:30:12,378 - INFO - [app.py:353] - Sincronizando DB: Ańadiendo logro 'popular'...
2025-11-25 18:30:12,379 - INFO - [app.py:353] - Sincronizando DB: Ańadiendo logro 'chat_master'...
2025-11-25 18:30:12,379 - INFO - [app.py:353] - Sincronizando DB: Ańadiendo logro 'lucky_seven'...
2025-11-25 18:30:12,379 - INFO - [app.py:353] - Sincronizando DB: Ańadiendo logro 'treasure_hunter'...
2025-11-25 18:30:12,379 - INFO - [app.py:353] - Sincronizando DB: Ańadiendo logro 'trap_avoider'...
2025-11-25 18:30:12,380 - INFO - [app.py:353] - Sincronizando DB: Ańadiendo logro 'veteran'...
2025-11-25 18:30:12,380 - INFO - [app.py:353] - Sincronizando DB: Ańadiendo logro 'champion'...
2025-11-25 18:30:12,380 - INFO - [app.py:353] - Sincronizando DB: Ańadiendo logro 'dedicated'...
2025-11-25 18:30:12,381 - INFO - [app.py:353] - Sincronizando DB: Ańadiendo logro 'level_master'...
2025-11-25 18:30:12,385 - INFO - [app.py:353] - Sincronizando DB: Ańadiendo logro 'superviviente'...
2025-11-25 18:30:12,385 - INFO - [app.py:353] - Sincronizando DB: Ańadiendo logro 'meta_alcanzada'...
2025-11-25 18:30:12,385 - INFO - [app.py:353] - Sincronizando DB: Ańadiendo logro 'explosion_perfecta'...
2025-11-25 18:30:12,386 - INFO - [app.py:353] - Sincronizando DB: Ańadiendo logro 'reflejo_maestro'...
2025-11-25 18:30:12,386 - INFO - [app.py:353] - Sincronizando DB: Ańadiendo logro 'muralla_humana'...
2025-11-25 18:30:12,386 - INFO - [app.py:353] - Sincronizando DB: Ańadiendo logro 'fantasma'...
2025-11-25 18:30:12,386 - INFO - [app.py:353] - Sincronizando DB: Ańadiendo logro 'regenerador'...
2025-11-25 18:30:12,387 - INFO - [app.py:353] - Sincronizando DB: Ańadiendo logro 'ultimo_en_pie'...
2025-11-25 18:30:12,387 - INFO - [app.py:353] - Sincronizando DB: Ańadiendo logro 'viajero_dimensional'...
2025-11-25 18:30:12,387 - INFO - [app.py:353] - Sincronizando DB: Ańadiendo logro 'energizado'...
2025-11-25 18:30:12,387 - INFO - [app.py:353] - Sincronizando DB: Ańadiendo logro 'cazador_de_packs'...
2025-11-25 18:30:12,388 - INFO - [app.py:353] - Sincronizando DB: Ańadiendo logro 'inmortal'...
2025-11-25 18:30:12,388 - INFO - [app.py:353] - Sincronizando DB: Ańadiendo logro 'el_caotico'...
2025-11-25 18:30:12,388 - INFO - [app.py:353] - Sincronizando DB: Ańadiendo logro 'equilibrio_cosmico'...
2025-11-25 18:30:12,388 - INFO - [app.py:353] - Sincronizando DB: Ańadiendo logro 'coleccionista'...
2025-11-25 18:30:12,389 - INFO - [app.py:353] - Sincronizando DB: Ańadiendo logro 'perfeccionista'...
2025-11-25 18:30:12,389 - INFO - [app.py:353] - Sincronizando DB: Ańadiendo logro 'estratega_supremo'...
2025-11-25 18:30:12,389 - INFO - [app.py:353] - Sincronizando DB: Ańadiendo logro 'maratonista'...
2025-11-25 18:30:12,390 - INFO - [app.py:353] - Sincronizando DB: Ańadiendo logro 'precision_laser'...
2025-11-25 18:30:12,400 - INFO - [app.py:358] - ˇSincronización de Logros completa! Se ańadieron 40 nuevos logros a la DB.
2025-11-25 18:30:12,419 - INFO - [app.py:2930] - Hilo de limpieza de salas iniciado.
2025-11-25 18:30:13,408 - INFO - [app.py:2895] - LOGIN DIARIO DETECTADO - Usuario: LoginTester. Último login: None, Hoy: 2025-11-25
2025-11-25 18:31:48,104 - INFO - [app.py:87] - === Servidor Voltrace Iniciando ===
2025-11-25 18:31:48,107 - WARNING - [app.py:172] - ADVERTENCIA: DATABASE_URL no encontrada. Usando 'voltrace.db' (SQLite) local.
2025-11-25 18:31:48,259 - INFO - [app.py:332] - Base de datos inicializada y tablas creadas (si no existían).
2025-11-25 18:31:48,290 - INFO - [app.py:353] - Sincronizando DB: Ańadiendo logro 'first_win'...
2025-11-25 18:31:48,290 - INFO - [app.py:353] - Sincronizando DB: Ańadiendo logro 'first_game'...
2025-11-25 18:31:48,291 - INFO - [app.py:353] - Sincronizando DB: Ańadiendo logro 'first_room'...
2025-11-25 18:31:48,291 - INFO - [app.py:353] - Sincronizando DB: Ańadiendo logro 'first_ability'...
2025-11-25 18:31:48,291 - INFO - [app.py:353] - Sincronizando DB: Ańadiendo logro 'speed_demon'...
2025-11-25 18:31:48,292 - INFO - [app.py:353] - Sincronizando DB: Ańadiendo logro 'survivor'...
2025-11-25 18:31:48,292 - INFO - [app.py:353] - Sincronizando DB: Ańadiendo logro 'energy_master'...
2025-11-25 18:31:48,292 - INFO - [app.py:353] - Sincronizando DB: Ańadiendo logro 'ability_master'...
2025-11-25 18:31:48,292 - INFO - [app.py:353] - Sincronizando DB: Ańadiendo logro 'comeback_king'...
2025-11-25 18:31:48,293 - INFO - [app.py:353] - Sincronizando DB: Ańadiendo logro 'chat_king'...
2025-11-25 18:31:48,293 - INFO - [app.py:353] - Sincronizando DB: Ańadiendo logro 'room_host'...
2025-11-25 18:31:48,293 - INFO - [app.py:353] - Sincronizando DB: Ańadiendo logro 'social_butterfly'...
2025-11-25 18:31:48,293 - INFO - [app.py:353] - Sincronizando DB: Ańadiendo logro 'popular'...
2025-11-25 18:31:48,294 - INFO - [app.py:353] - Sincronizando DB: Ańadiendo logro 'chat_master'...
2025-11-25 18:31:48,294 - INFO - [app.py:353] - Sincronizando DB: Ańadiendo logro 'lucky_seven'...
2025-11-25 18:31:48,294 - INFO - [app.py:353] - Sincronizando DB: Ańadiendo logro 'treasure_hunter'...
2025-11-25 18:31:48,294 - INFO - [app.py:353] - Sincronizando DB: Ańadiendo logro 'trap_avoider'...
2025-11-25 18:31:48,294 - INFO - [app.py:353] - Sincronizando DB: Ańadiendo logro 'veteran'...
2025-11-25 18:31:48,295 - INFO - [app.py:353] - Sincronizando DB: Ańadiendo logro 'champion'...
2025-11-25 18:31:48,295 - INFO - [app.py:353] - Sincronizando DB: Ańadiendo logro 'dedicated'...
2025-11-25 18:31:48,295 - INFO - [app.py:353] - Sincronizando DB: Ańadiendo logro 'level_master'...
2025-11-25 18:31:48,299 - INFO - [app.py:353] - Sincronizando DB: Ańadiendo logro 'superviviente'...
2025-11-25 18:31:48,299 - INFO - [app.py:353] - Sincronizando DB: Ańadiendo logro 'meta_alcanzada'...
2025-11-25 18:31:48,300 - INFO - [app.py:353] - Sincronizando DB: Ańadiendo logro 'explosion_perfecta'...
2025-11-25 18:31:48,300 - INFO - [app.py:353] - Sincronizando DB: Ańadiendo logro 'reflejo_maestro'...
2025-11-25 18:31:48,300 - INFO - [app.py:353] - Sincronizando DB: Ańadiendo logro 'muralla_humana'...
2025-11-25 18:31:48,300 - INFO - [app.py:353] - Sincronizando DB: Ańadiendo logro 'fantasma'...
2025-11-25 18:31:48,301 - INFO - [app.py:353] - Sincronizando DB: Ańadiendo logro 'regenerador'...
2025-11-25 18:31:48,301 - INFO - [app.py:353] - Sincronizando DB: Ańadiendo logro 'ultimo_en_pie'...
2025-11-25 18:31:48,301 - INFO - [app.py:353] - Sincronizando DB: Ańadiendo logro 'viajero_dimensional'...
2025-11-25 18:31:48,301 - INFO - [app.py:353] - Sincronizando DB: Ańadiendo logro 'energizado'...
2025-11-25 18:31:48,302 - INFO - [app.py:353] - Sincronizando DB: Ańadiendo logro 'cazador_de_packs'...
2025-11-25 18:31:48,302 - INFO - [app.py:353] - Sincronizando DB: Ańadiendo logro 'inmortal'...
2025-11-25 18:31:48,302 - INFO - [app.py:353] - Sincronizando DB: Ańadiendo logro 'el_caotico'...
2025-11-25 18:31:48,302 - INFO - [app.py:353] - Sincronizando DB: Ańadiendo logro 'equilibrio_cosmico'...
2025-11-25 18:31:48,303 - INFO - [app.py:353] - Sincronizando DB: Ańadiendo logro 'coleccionista'...
2025-11-25 18:31:48,303 - INFO - [app.py:353] - Sincronizando DB: Ańadiendo logro 'perfeccionista'...
2025-11-25 18:31:48,303 - INFO - [app.py:353] - Sincronizando DB: Ańadiendo logro 'estratega_supremo'...
2025-11-25 18:31:48,304 - INFO - [app.py:353] - Sincronizando DB: Ańadiendo logro 'maratonista'...
2025-11-25 18:31:48,304 - INFO - [app.py:353] - Sincronizando DB: Ańadiendo logro 'precision_laser'...
2025-11-25 18:31:48,313 - INFO - [app.py:358] - ˇSincronización de Logros completa! Se ańadieron 40 nuevos logros a la DB.
2025-11-25 18:31:48,332 - INFO - [app.py:2930] - Hilo de limpieza de salas iniciado.
2025-11-25 18:31:49,257 - INFO - [app.py:2895] - LOGIN DIARIO DETECTADO - Usuario: LoginTester. Último login: None, Hoy: 2025-11-25
2025-11-25 18:36:06,878 - INFO - [app.py:87] - === Servidor Voltrace Iniciando ===
2025-11-25 18:36:06,880 - WARNING - [app.py:172] - ADVERTENCIA: DATABASE_URL no encontrada. Usando 'voltrace.db' (SQLite) local.
2025-11-25 18:36:07,061 - INFO - [app.py:332] - Base de datos inicializada y tablas creadas (si no existían).
2025-11-25 18:36:07,102 - INFO - [app.py:353] - Sincronizando DB: Ańadiendo logro 'first_win'...
2025-11-25 18:36:07,102 - INFO - [app.py:353] - Sincronizando DB: Ańadiendo logro 'first_game'...
2025-11-25 18:36:07,103 - INFO - [app.py:353] - Sincronizando DB: Ańadiendo logro 'first_room'...
2025-11-25 18:36:07,103 - INFO - [app.py:353] - Sincronizando DB: Ańadiendo logro 'first_ability'...
2025-11-25 18:36:07,104 - INFO - [app.py:353] - Sincronizando DB: Ańadiendo logro 'speed_demon'...
2025-11-25 18:36:07,104 - INFO - [app.py:353] - Sincronizando DB: Ańadiendo logro 'survivor'...
2025-11-25 18:36:07,104 - INFO - [app.py:353] - Sincronizando DB: Ańadiendo logro 'energy_master'...
2025-11-25 18:36:07,105 - INFO - [app.py:353] - Sincronizando DB: Ańadiendo logro 'ability_master'...
2025-11-25 18:36:07,105 - INFO - [app.py:353] - Sincronizando DB: Ańadiendo logro 'comeback_king'...
2025-11-25 18:36:07,105 - INFO - [app.py:353] - Sincronizando DB: Ańadiendo logro 'chat_king'...
2025-11-25 18:36:07,106 - INFO - [app.py:353] - Sincronizando DB: Ańadiendo logro 'room_host'...
2025-11-25 18:36:07,106 - INFO - [app.py:353] - Sincronizando DB: Ańadiendo logro 'social_butterfly'...
2025-11-25 18:36:07,106 - INFO - [app.py:353] - Sincronizando DB: Ańadiendo logro 'popular'...
2025-11-25 18:36:07,107 - INFO - [app.py:353] - Sincronizando DB: Ańadiendo logro 'chat_master'...
2025-11-25 18:36:07,107 - INFO - [app.py:353] - Sincronizando DB: Ańadiendo logro 'lucky_seven'...
2025-11-25 18:36:07,107 - INFO - [app.py:353] - Sincronizando DB: Ańadiendo logro 'treasure_hunter'...
2025-11-25 18:36:07,108 - INFO - [app.py:353] - Sincronizando DB: Ańadiendo logro 'trap_avoider'...
2025-11-25 18:36:07,108 - INFO - [app.py:353] - Sincronizando DB: Ańadiendo logro 'veteran'...
2025-11-25 18:36:07,108 - INFO - [app.py:353] - Sincronizando DB: Ańadiendo logro 'champion'...
2025-11-25 18:36:07,109 - INFO - [app.py:353] - Sincronizando DB: Ańadiendo logro 'dedicated'...
2025-11-25 18:36:07,109 - INFO - [app.py:353] - Sincronizando DB: Ańadiendo logro 'level_master'...
2025-11-25 18:36:07,114 - INFO - [app.py:353] - Sincronizando DB: Ańadiendo logro 'superviviente'...
2025-11-25 18:36:07,115 - INFO - [app.py:353] - Sincronizando DB: Ańadiendo logro 'meta_alcanzada'...
2025-11-25 18:36:07,115 - INFO - [app.py:353] - Sincronizando DB: Ańadiendo logro 'explosion_perfecta'...
2025-11-25 18:36:07,116 - INFO - [app.py:353] - Sincronizando DB: Ańadiendo logro 'reflejo_maestro'...
2025-11-25 18:36:07,116 - INFO - [app.py:353] - Sincronizando DB: Ańadiendo logro 'muralla_humana'...
2025-11-25 18:36:07,116 - INFO - [app.py:353] - Sincronizando DB: Ańadiendo logro 'fantasma'...
2025-11-25 18:36:07,117 - INFO - [app.py:353] - Sincronizando DB: Ańadiendo logro 'regenerador'...
2025-11-25 18:36:07,117 - INFO - [app.py:353] - Sincronizando DB: Ańadiendo logro 'ultimo_en_pie'...
2025-11-25 18:36:07,117 - INFO - [app.py:353] - Sincronizando DB: Ańadiendo logro 'viajero_dimensional'...
2025-11-25 18:36:07,117 - INFO - [app.py:353] - Sincronizando DB: Ańadiendo logro 'energizado'...
2025-11-25 18:36:07,118 - INFO - [app.py:353] - Sincronizando DB: Ańadiendo logro 'cazador_de_packs'...
2025-11-25 18:36:07,118 - INFO - [app.py:353] - Sincronizando DB: Ańadiendo logro 'inmortal'...
2025-11-25 18:36:07,118 - INFO - [app.py:353] - Sincronizando DB: Ańadiendo logro 'el_caotico'...
2025-11-25 18:36:07,119 - INFO - [app.py:353] - Sincronizando DB: Ańadiendo logro 'equilibrio_cosmico'...
2025-11-25 18:36:07,119 - INFO - [app.py:353] - Sincronizando DB: Ańadiendo logro 'coleccionista'...
2025-11-25 18:36:07,119 - INFO - [app.py:353] - Sincronizando DB: Ańadiendo logro 'perfeccionista'...
2025-11-25 18:36:07,120 - INFO - [app.py:353] - Sincronizando DB: Ańadiendo logro 'estratega_supremo'...
2025-11-25 18:36:07,120 - INFO - [app.py:353] - Sincronizando DB: Ańadiendo logro 'maratonista'...
2025-11-25 18:36:07,121 - INFO - [app.py:353] - Sincronizando DB: Ańadiendo logro 'precision_laser'...
2025-11-25 18:36:07,133 - INFO - [app.py:358] - ˇSincronización de Logros completa! Se ańadieron 40 nuevos logros a la DB.
2025-11-25 18:36:07,158 - INFO - [app.py:2930] - Hilo de limpieza de salas iniciado.
2025-11-25 18:36:08,186 - INFO - [app.py:2895] - LOGIN DIARIO DETECTADO - Usuario: LoginTester. Último login: None, Hoy: 2025-11-25
2025-11-25 18:36:10,170 - INFO - [app.py:881] - Cliente conectado: z5MNIQkfbGhCy4apAAAA
2025-11-25 18:36:10,172 - INFO - [app.py:910] - Cliente desconectado: z5MNIQkfbGhCy4apAAAA
2025-11-25 18:36:10,172 - WARNING - [app.py:917] - Desconexión de un SID no autenticado.
2025-11-25 18:36:11,098 - INFO - [app.py:881] - Cliente conectado: qjxMMGjyfqzAAz2QAAAB
2025-11-25 18:36:11,099 - INFO - [app.py:893] - --- SOCKET AUTHENTICATED --- User: Player1, SID: qjxMMGjyfqzAAz2QAAAB
2025-11-25 18:36:11,106 - INFO - [app.py:960] - SALA CREADA - ID: 728a4374 por: Player1
2025-11-25 18:36:11,122 - INFO - [app.py:881] - Cliente conectado: kIaqY7S0VNzeL2SxAAAC
2025-11-25 18:36:11,123 - INFO - [app.py:893] - --- SOCKET AUTHENTICATED --- User: Player2, SID: kIaqY7S0VNzeL2SxAAAC
2025-11-25 18:36:11,129 - INFO - [app.py:910] - Cliente desconectado: qjxMMGjyfqzAAz2QAAAB
2025-11-25 18:36:11,132 - INFO - [app.py:946] - --- DESCONEXIÓN INMEDIATA --- Jugador: Player1 en Sala: 728a4374.
2025-11-25 18:36:11,133 - INFO - [app.py:2284] - Finalizando desconexión de Player1 (SID: qjxMMGjyfqzAAz2QAAAB) de sala 728a4374
2025-11-25 18:36:11,133 - INFO - [app.py:2335] - Confirmado. Eliminando a Player1 de la sala 728a4374.
2025-11-25 18:36:11,135 - INFO - [app.py:910] - Cliente desconectado: kIaqY7S0VNzeL2SxAAAC
2025-11-25 18:36:11,138 - INFO - [app.py:946] - --- DESCONEXIÓN INMEDIATA --- Jugador: Player2 en Sala: 728a4374.
2025-11-25 18:36:11,139 - INFO - [app.py:2284] - Finalizando desconexión de Player2 (SID: kIaqY7S0VNzeL2SxAAAC) de sala 728a4374
2025-11-25 18:36:11,139 - INFO - [app.py:2335] - Confirmado. Eliminando a Player2 de la sala 728a4374.
2025-11-25 18:36:11,140 - INFO - [app.py:2461] - Sala 728a4374 vacía tras desconexión. Eliminando...
2025-11-25 18:36:12,067 - INFO - [app.py:881] - Cliente conectado: v4pzgA8x4oGCTbbJAAAD
2025-11-25 18:36:12,069 - INFO - [app.py:893] - --- SOCKET AUTHENTICATED --- User: Player1, SID: v4pzgA8x4oGCTbbJAAAD
2025-11-25 18:36:12,074 - INFO - [app.py:960] - SALA CREADA - ID: 5017c7d8 por: Player1
2025-11-25 18:36:13,721 - INFO - [app.py:881] - Cliente conectado: 1Hzhsnq-tIeECVydAAAE
2025-11-25 18:36:13,723 - INFO - [app.py:893] - --- SOCKET AUTHENTICATED --- User: Player1, SID: 1Hzhsnq-tIeECVydAAAE
2025-11-25 18:36:13,728 - INFO - [app.py:960] - SALA CREADA - ID: dfea682e por: Player1
2025-11-25 18:38:41,862 - INFO - [app.py:87] - === Servidor Voltrace Iniciando ===
2025-11-25 18:38:41,864 - WARNING - [app.py:172] - ADVERTENCIA: DATABASE_URL no encontrada. Usando 'voltrace.db' (SQLite) local.
2025-11-25 18:38:42,030 - INFO - [app.py:332] - Base de datos inicializada y tablas creadas (si no existían).
2025-11-25 18:38:42,068 - INFO - [app.py:353] - Sincronizando DB: Ańadiendo logro 'first_win'...
2025-11-25 18:38:42,069 - INFO - [app.py:353] - Sincronizando DB: Ańadiendo logro 'first_game'...
2025-11-25 18:38:42,070 - INFO - [app.py:353] - Sincronizando DB: Ańadiendo logro 'first_room'...
2025-11-25 18:38:42,070 - INFO - [app.py:353] - Sincronizando DB: Ańadiendo logro 'first_ability'...
2025-11-25 18:38:42,070 - INFO - [app.py:353] - Sincronizando DB: Ańadiendo logro 'speed_demon'...
2025-11-25 18:38:42,071 - INFO - [app.py:353] - Sincronizando DB: Ańadiendo logro 'survivor'...
2025-11-25 18:38:42,071 - INFO - [app.py:353] - Sincronizando DB: Ańadiendo logro 'energy_master'...
2025-11-25 18:38:42,071 - INFO - [app.py:353] - Sincronizando DB: Ańadiendo logro 'ability_master'...
2025-11-25 18:38:42,072 - INFO - [app.py:353] - Sincronizando DB: Ańadiendo logro 'comeback_king'...
2025-11-25 18:38:42,072 - INFO - [app.py:353] - Sincronizando DB: Ańadiendo logro 'chat_king'...
2025-11-25 18:38:42,072 - INFO - [app.py:353] - Sincronizando DB: Ańadiendo logro 'room_host'...
2025-11-25 18:38:42,073 - INFO - [app.py:353] - Sincronizando DB: Ańadiendo logro 'social_butterfly'...
2025-11-25 18:38:42,073 - INFO - [app.py:353] - Sincronizando DB: Ańadiendo logro 'popular'...
2025-11-25 18:38:42,073 - INFO - [app.py:353] - Sincronizando DB: Ańadiendo logro 'chat_master'...
2025-11-25 18:38:42,073 - INFO - [app.py:353] - Sincronizando DB: Ańadiendo logro 'lucky_seven'...
2025-11-25 18:38:42,074 - INFO - [app.py:353] - Sincronizando DB: Ańadiendo logro 'treasure_hunter'...
2025-11-25 18:38:42,074 - INFO - [app.py:353] - Sincronizando DB: Ańadiendo logro 'trap_avoider'...
2025-11-25 18:38:42,075 - INFO - [app.py:353] - Sincronizando DB: Ańadiendo logro 'veteran'...
2025-11-25 18:38:42,075 - INFO - [app.py:353] - Sincronizando DB: Ańadiendo logro 'champion'...
2025-11-25 18:38:42,075 - INFO - [app.py:353] - Sincronizando DB: Ańadiendo logro 'dedicated'...
2025-11-25 18:38:42,076 - INFO - [app.py:353] - Sincronizando DB: Ańadiendo logro 'level_master'...
2025-11-25 18:38:42,081 - INFO - [app.py:353] - Sincronizando DB: Ańadiendo logro 'superviviente'...
2025-11-25 18:38:42,081 - INFO - [app.py:353] - Sincronizando DB: Ańadiendo logro 'meta_alcanzada'...
2025-11-25 18:38:42,081 - INFO - [app.py:353] - Sincronizando DB: Ańadiendo logro 'explosion_perfecta'...
2025-11-25 18:38:42,082 - INFO - [app.py:353] - Sincronizando DB: Ańadiendo logro 'reflejo_maestro'...
2025-11-25 18:38:42,082 - INFO - [app.py:353] - Sincronizando DB: Ańadiendo logro 'muralla_humana'...
2025-11-25 18:38:42,082 - INFO - [app.py:353] - Sincronizando DB: Ańadiendo logro 'fantasma'...
2025-11-25 18:38:42,083 - INFO - [app.py:353] - Sincronizando DB: Ańadiendo logro 'regenerador'...
2025-11-25 18:38:42,083 - INFO - [app.py:353] - Sincronizando DB: Ańadiendo logro 'ultimo_en_pie'...
2025-11-25 18:38:42,083 - INFO - [app.py:353] - Sincronizando DB: Ańadiendo logro 'viajero_dimensional'...
2025-11-25 18:38:42,083 - INFO - [app.py:353] - Sincronizando DB: Ańadiendo logro 'energizado'...
2025-11-25 18:38:42,084 - INFO - [app.py:353] - Sincronizando DB: Ańadiendo logro 'cazador_de_packs'...
2025-11-25 18:38:42,084 - INFO - [app.py:353] - Sincronizando DB: Ańadiendo logro 'inmortal'...
2025-11-25 18:38:42,084 - INFO - [app.py:353] - Sincronizando DB: Ańadiendo logro 'el_caotico'...
2025-11-25 18:38:42,085 - INFO - [app.py:353] - Sincronizando DB: Ańadiendo logro 'equilibrio_cosmico'...
2025-11-25 18:38:42,085 - INFO - [app.py:353] - Sincronizando DB: Ańadiendo logro 'coleccionista'...
2025-11-25 18:38:42,085 - INFO - [app.py:353] - Sincronizando DB: Ańadiendo logro 'perfeccionista'...
2025-11-25 18:38:42,086 - INFO - [app.py:353] - Sincronizando DB: Ańadiendo logro 'estratega_supremo'...
2025-11-25 18:38:42,086 - INFO - [app.py:353] - Sincronizando DB: Ańadiendo logro 'maratonista'...
2025-11-25 18:38:42,086 - INFO - [app.py:353] - Sincronizando DB: Ańadiendo logro 'precision_laser'...
2025-11-25 18:38:42,098 - INFO - [app.py:358] - ˇSincronización de Logros completa! Se ańadieron 40 nuevos logros a la DB.
2025-11-25 18:38:42,120 - INFO - [app.py:2930] - Hilo de limpieza de salas iniciado.
2025-11-25 18:38:43,186 - INFO - [app.py:2895] - LOGIN DIARIO DETECTADO - Usuario: LoginTester. Último login: None, Hoy: 2025-11-25
2025-11-25 18:38:44,844 - INFO - [app.py:881] - Cliente conectado: mXb5VKYXkoRV2WxhAAAA
2025-11-25 18:38:44,845 - INFO - [app.py:893] - --- SOCKET AUTHENTICATED --- User: Player1, SID: mXb5VKYXkoRV2WxhAAAA
2025-11-25 18:38:44,850 - INFO - [app.py:960] - SALA CREADA - ID: 619166f2 por: Player1
2025-11-25 18:38:44,862 - INFO - [app.py:881] - Cliente conectado: 45eJlAuiyqNngLipAAAB
2025-11-25 18:38:44,863 - INFO - [app.py:893] - --- SOCKET AUTHENTICATED --- User: Player2, SID: 45eJlAuiyqNngLipAAAB
2025-11-25 18:38:44,867 - INFO - [app.py:910] - Cliente desconectado: mXb5VKYXkoRV2WxhAAAA
2025-11-25 18:38:44,869 - INFO - [app.py:946] - --- DESCONEXIÓN INMEDIATA --- Jugador: Player1 en Sala: 619166f2.
2025-11-25 18:38:44,870 - INFO - [app.py:2284] - Finalizando desconexión de Player1 (SID: mXb5VKYXkoRV2WxhAAAA) de sala 619166f2
2025-11-25 18:38:44,870 - INFO - [app.py:2335] - Confirmado. Eliminando a Player1 de la sala 619166f2.
2025-11-25 18:38:44,871 - INFO - [app.py:910] - Cliente desconectado: 45eJlAuiyqNngLipAAAB
2025-11-25 18:38:44,873 - INFO - [app.py:946] - --- DESCONEXIÓN INMEDIATA --- Jugador: Player2 en Sala: 619166f2.
2025-11-25 18:38:44,874 - INFO - [app.py:2284] - Finalizando desconexión de Player2 (SID: 45eJlAuiyqNngLipAAAB) de sala 619166f2
2025-11-25 18:38:44,874 - INFO - [app.py:2335] - Confirmado. Eliminando a Player2 de la sala 619166f2.
2025-11-25 18:38:44,875 - INFO - [app.py:2461] - Sala 619166f2 vacía tras desconexión. Eliminando...
2025-11-25 18:38:45,574 - INFO - [app.py:881] - Cliente conectado: 6p8DPm9l_lbYXEmhAAAC
2025-11-25 18:38:45,575 - INFO - [app.py:893] - --- SOCKET AUTHENTICATED --- User: Player1, SID: 6p8DPm9l_lbYXEmhAAAC
2025-11-25 18:38:45,579 - INFO - [app.py:960] - SALA CREADA - ID: 306b1a82 por: Player1
2025-11-25 18:38:45,580 - INFO - [app.py:881] - Cliente conectado: gSFzUwhe8JYp2oGSAAAD
2025-11-25 18:38:45,581 - INFO - [app.py:893] - --- SOCKET AUTHENTICATED --- User: Player2, SID: gSFzUwhe8JYp2oGSAAAD
2025-11-25 18:38:45,586 - INFO - [app.py:2474] - INTENTANDO INICIAR JUEGO EN SALA 306b1a82 - Estado actual: esperando
2025-11-25 18:38:45,587 - INFO - [app.py:2493] - sala.iniciar_juego() tuvo ÉXITO. Estado ahora: jugando
2025-11-25 18:38:45,592 - WARNING - [app.py:1185] - ACCIÓN RECHAZADA: No es su turno (lanzar dado)
2025-11-25 18:38:46,208 - INFO - [app.py:881] - Cliente conectado: KvGKRPhEJRf_szGbAAAE
2025-11-25 18:38:46,209 - INFO - [app.py:893] - --- SOCKET AUTHENTICATED --- User: Player1, SID: KvGKRPhEJRf_szGbAAAE
2025-11-25 18:38:46,212 - INFO - [app.py:960] - SALA CREADA - ID: 38785fd7 por: Player1
2025-11-25 18:38:46,214 - INFO - [app.py:881] - Cliente conectado: qalU4ak3roNIt0BTAAAF
2025-11-25 18:38:46,215 - INFO - [app.py:893] - --- SOCKET AUTHENTICATED --- User: Player2, SID: qalU4ak3roNIt0BTAAAF
2025-11-25 18:40:09,733 - INFO - [app.py:87] - === Servidor Voltrace Iniciando ===
2025-11-25 18:40:09,736 - WARNING - [app.py:172] - ADVERTENCIA: DATABASE_URL no encontrada. Usando 'voltrace.db' (SQLite) local.
2025-11-25 18:40:09,899 - INFO - [app.py:332] - Base de datos inicializada y tablas creadas (si no existían).
2025-11-25 18:40:09,939 - INFO - [app.py:353] - Sincronizando DB: Ańadiendo logro 'first_win'...
2025-11-25 18:40:09,939 - INFO - [app.py:353] - Sincronizando DB: Ańadiendo logro 'first_game'...
2025-11-25 18:40:09,940 - INFO - [app.py:353] - Sincronizando DB: Ańadiendo logro 'first_room'...
2025-11-25 18:40:09,940 - INFO - [app.py:353] - Sincronizando DB: Ańadiendo logro 'first_ability'...
2025-11-25 18:40:09,941 - INFO - [app.py:353] - Sincronizando DB: Ańadiendo logro 'speed_demon'...
2025-11-25 18:40:09,941 - INFO - [app.py:353] - Sincronizando DB: Ańadiendo logro 'survivor'...
2025-11-25 18:40:09,942 - INFO - [app.py:353] - Sincronizando DB: Ańadiendo logro 'energy_master'...
2025-11-25 18:40:09,942 - INFO - [app.py:353] - Sincronizando DB: Ańadiendo logro 'ability_master'...
2025-11-25 18:40:09,942 - INFO - [app.py:353] - Sincronizando DB: Ańadiendo logro 'comeback_king'...
2025-11-25 18:40:09,943 - INFO - [app.py:353] - Sincronizando DB: Ańadiendo logro 'chat_king'...
2025-11-25 18:40:09,943 - INFO - [app.py:353] - Sincronizando DB: Ańadiendo logro 'room_host'...
2025-11-25 18:40:09,943 - INFO - [app.py:353] - Sincronizando DB: Ańadiendo logro 'social_butterfly'...
2025-11-25 18:40:09,944 - INFO - [app.py:353] - Sincronizando DB: Ańadiendo logro 'popular'...
2025-11-25 18:40:09,944 - INFO - [app.py:353] - Sincronizando DB: Ańadiendo logro 'chat_master'...
2025-11-25 18:40:09,944 - INFO - [app.py:353] - Sincronizando DB: Ańadiendo logro 'lucky_seven'...
2025-11-25 18:40:09,945 - INFO - [app.py:353] - Sincronizando DB: Ańadiendo logro 'treasure_hunter'...
2025-11-25 18:40:09,945 - INFO - [app.py:353] - Sincronizando DB: Ańadiendo logro 'trap_avoider'...
2025-11-25 18:40:09,945 - INFO - [app.py:353] - Sincronizando DB: Ańadiendo logro 'veteran'...
2025-11-25 18:40:09,946 - INFO - [app.py:353] - Sincronizando DB: Ańadiendo logro 'champion'...
2025-11-25 18:40:09,946 - INFO - [app.py:353] - Sincronizando DB: Ańadiendo logro 'dedicated'...
2025-11-25 18:40:09,946 - INFO - [app.py:353] - Sincronizando DB: Ańadiendo logro 'level_master'...
2025-11-25 18:40:09,952 - INFO - [app.py:353] - Sincronizando DB: Ańadiendo logro 'superviviente'...
2025-11-25 18:40:09,952 - INFO - [app.py:353] - Sincronizando DB: Ańadiendo logro 'meta_alcanzada'...
2025-11-25 18:40:09,952 - INFO - [app.py:353] - Sincronizando DB: Ańadiendo logro 'explosion_perfecta'...
2025-11-25 18:40:09,953 - INFO - [app.py:353] - Sincronizando DB: Ańadiendo logro 'reflejo_maestro'...
2025-11-25 18:40:09,953 - INFO - [app.py:353] - Sincronizando DB: Ańadiendo logro 'muralla_humana'...
2025-11-25 18:40:09,953 - INFO - [app.py:353] - Sincronizando DB: Ańadiendo logro 'fantasma'...
2025-11-25 18:40:09,954 - INFO - [app.py:353] - Sincronizando DB: Ańadiendo logro 'regenerador'...
2025-11-25 18:40:09,954 - INFO - [app.py:353] - Sincronizando DB: Ańadiendo logro 'ultimo_en_pie'...
2025-11-25 18:40:09,954 - INFO - [app.py:353] - Sincronizando DB: Ańadiendo logro 'viajero_dimensional'...
2025-11-25 18:40:09,955 - INFO - [app.py:353] - Sincronizando DB: Ańadiendo logro 'energizado'...
2025-11-25 18:40:09,955 - INFO - [app.py:353] - Sincronizando DB: Ańadiendo logro 'cazador_de_packs'...
2025-11-25 18:40:09,955 - INFO - [app.py:353] - Sincronizando DB: Ańadiendo logro 'inmortal'...
2025-11-25 18:40:09,956 - INFO - [app.py:353] - Sincronizando DB: Ańadiendo logro 'el_caotico'...
2025-11-25 18:40:09,956 - INFO - [app.py:353] - Sincronizando DB: Ańadiendo logro 'equilibrio_cosmico'...
2025-11-25 18:40:09,956 - INFO - [app.py:353] - Sincronizando DB: Ańadiendo logro 'coleccionista'...
2025-11-25 18:40:09,957 - INFO - [app.py:353] - Sincronizando DB: Ańadiendo logro 'perfeccionista'...
2025-11-25 18:40:09,957 - INFO - [app.py:353] - Sincronizando DB: Ańadiendo logro 'estratega_supremo'...
2025-11-25 18:40:09,957 - INFO - [app.py:353] - Sincronizando DB: Ańadiendo logro 'maratonista'...
2025-11-25 18:40:09,958 - INFO - [app.py:353] - Sincronizando DB: Ańadiendo logro 'precision_laser'...
2025-11-25 18:40:09,969 - INFO - [app.py:358] - ˇSincronización de Logros completa! Se ańadieron 40 nuevos logros a la DB.
2025-11-25 18:40:09,993 - INFO - [app.py:2930] - Hilo de limpieza de salas iniciado.
2025-11-25 18:40:11,115 - INFO - [app.py:2895] - LOGIN DIARIO DETECTADO - Usuario: LoginTester. Último login: None, Hoy: 2025-11-25
2025-11-25 18:40:14,738 - INFO - [app.py:881] - Cliente conectado: TE1AhFlPrPfFo1V4AAAA
2025-11-25 18:40:14,741 - INFO - [app.py:893] - --- SOCKET AUTHENTICATED --- User: Player1, SID: TE1AhFlPrPfFo1V4AAAA
2025-11-25 18:40:14,748 - INFO - [app.py:960] - SALA CREADA - ID: d687890f por: Player1
2025-11-25 18:40:14,764 - INFO - [app.py:881] - Cliente conectado: yxTzcMFz8V3W2CfKAAAB
2025-11-25 18:40:14,766 - INFO - [app.py:893] - --- SOCKET AUTHENTICATED --- User: Player2, SID: yxTzcMFz8V3W2CfKAAAB
2025-11-25 18:40:14,773 - INFO - [app.py:910] - Cliente desconectado: TE1AhFlPrPfFo1V4AAAA
2025-11-25 18:40:14,778 - INFO - [app.py:946] - --- DESCONEXIÓN INMEDIATA --- Jugador: Player1 en Sala: d687890f.
2025-11-25 18:40:14,779 - INFO - [app.py:2284] - Finalizando desconexión de Player1 (SID: TE1AhFlPrPfFo1V4AAAA) de sala d687890f
2025-11-25 18:40:14,779 - INFO - [app.py:2335] - Confirmado. Eliminando a Player1 de la sala d687890f.
2025-11-25 18:40:14,781 - INFO - [app.py:910] - Cliente desconectado: yxTzcMFz8V3W2CfKAAAB
2025-11-25 18:40:14,786 - INFO - [app.py:946] - --- DESCONEXIÓN INMEDIATA --- Jugador: Player2 en Sala: d687890f.
2025-11-25 18:40:14,787 - INFO - [app.py:2284] - Finalizando desconexión de Player2 (SID: yxTzcMFz8V3W2CfKAAAB) de sala d687890f
2025-11-25 18:40:14,787 - INFO - [app.py:2335] - Confirmado. Eliminando a Player2 de la sala d687890f.
2025-11-25 18:40:14,788 - INFO - [app.py:2461] - Sala d687890f vacía tras desconexión. Eliminando...
2025-11-25 18:40:15,766 - INFO - [app.py:881] - Cliente conectado: t-uLRPhf6dONvzPyAAAC
2025-11-25 18:40:15,768 - INFO - [app.py:893] - --- SOCKET AUTHENTICATED --- User: Player1, SID: t-uLRPhf6dONvzPyAAAC
2025-11-25 18:40:15,773 - INFO - [app.py:960] - SALA CREADA - ID: 26a49337 por: Player1
2025-11-25 18:40:15,775 - INFO - [app.py:881] - Cliente conectado: iwg_bdx_j51l_rjoAAAD
2025-11-25 18:40:15,776 - INFO - [app.py:893] - --- SOCKET AUTHENTICATED --- User: Player2, SID: iwg_bdx_j51l_rjoAAAD
2025-11-25 18:40:15,783 - INFO - [app.py:2474] - INTENTANDO INICIAR JUEGO EN SALA 26a49337 - Estado actual: esperando
2025-11-25 18:40:15,785 - INFO - [app.py:2493] - sala.iniciar_juego() tuvo ÉXITO. Estado ahora: jugando
2025-11-25 18:40:15,790 - WARNING - [app.py:1185] - ACCIÓN RECHAZADA: No es su turno (lanzar dado)
2025-11-25 18:40:16,591 - INFO - [app.py:881] - Cliente conectado: faBE_HUgrzHvsjjKAAAE
2025-11-25 18:40:16,593 - INFO - [app.py:893] - --- SOCKET AUTHENTICATED --- User: Player1, SID: faBE_HUgrzHvsjjKAAAE
2025-11-25 18:40:16,597 - INFO - [app.py:960] - SALA CREADA - ID: 39988bea por: Player1
2025-11-25 18:40:16,598 - INFO - [app.py:881] - Cliente conectado: NvjSLBEfHH02YXYaAAAF
2025-11-25 18:40:16,600 - INFO - [app.py:893] - --- SOCKET AUTHENTICATED --- User: Player2, SID: NvjSLBEfHH02YXYaAAAF
2025-11-25 18:57:56,817 - INFO - [app.py:87] - === Servidor Voltrace Iniciando ===
2025-11-25 18:57:56,820 - WARNING - [app.py:172] - ADVERTENCIA: DATABASE_URL no encontrada. Usando 'voltrace.db' (SQLite) local.
2025-11-25 18:57:57,016 - INFO - [app.py:332] - Base de datos inicializada y tablas creadas (si no existían).
2025-11-25 18:57:57,064 - INFO - [app.py:353] - Sincronizando DB: Ańadiendo logro 'first_win'...
2025-11-25 18:57:57,065 - INFO - [app.py:353] - Sincronizando DB: Ańadiendo logro 'first_game'...
2025-11-25 18:57:57,066 - INFO - [app.py:353] - Sincronizando DB: Ańadiendo logro 'first_room'...
2025-11-25 18:57:57,066 - INFO - [app.py:353] - Sincronizando DB: Ańadiendo logro 'first_ability'...
2025-11-25 18:57:57,067 - INFO - [app.py:353] - Sincronizando DB: Ańadiendo logro 'speed_demon'...
2025-11-25 18:57:57,067 - INFO - [app.py:353] - Sincronizando DB: Ańadiendo logro 'survivor'...
2025-11-25 18:57:57,068 - INFO - [app.py:353] - Sincronizando DB: Ańadiendo logro 'energy_master'...
2025-11-25 18:57:57,068 - INFO - [app.py:353] - Sincronizando DB: Ańadiendo logro 'ability_master'...
2025-11-25 18:57:57,068 - INFO - [app.py:353] - Sincronizando DB: Ańadiendo logro 'comeback_king'...
2025-11-25 18:57:57,069 - INFO - [app.py:353] - Sincronizando DB: Ańadiendo logro 'chat_king'...
2025-11-25 18:57:57,069 - INFO - [app.py:353] - Sincronizando DB: Ańadiendo logro 'room_host'...
2025-11-25 18:57:57,070 - INFO - [app.py:353] - Sincronizando DB: Ańadiendo logro 'social_butterfly'...
2025-11-25 18:57:57,070 - INFO - [app.py:353] - Sincronizando DB: Ańadiendo logro 'popular'...
2025-11-25 18:57:57,070 - INFO - [app.py:353] - Sincronizando DB: Ańadiendo logro 'chat_master'...
2025-11-25 18:57:57,071 - INFO - [app.py:353] - Sincronizando DB: Ańadiendo logro 'lucky_seven'...
2025-11-25 18:57:57,071 - INFO - [app.py:353] - Sincronizando DB: Ańadiendo logro 'treasure_hunter'...
2025-11-25 18:57:57,072 - INFO - [app.py:353] - Sincronizando DB: Ańadiendo logro 'trap_avoider'...
2025-11-25 18:57:57,072 - INFO - [app.py:353] - Sincronizando DB: Ańadiendo logro 'veteran'...
2025-11-25 18:57:57,072 - INFO - [app.py:353] - Sincronizando DB: Ańadiendo logro 'champion'...
2025-11-25 18:57:57,073 - INFO - [app.py:353] - Sincronizando DB: Ańadiendo logro 'dedicated'...
2025-11-25 18:57:57,073 - INFO - [app.py:353] - Sincronizando DB: Ańadiendo logro 'level_master'...
2025-11-25 18:57:57,079 - INFO - [app.py:353] - Sincronizando DB: Ańadiendo logro 'superviviente'...
2025-11-25 18:57:57,080 - INFO - [app.py:353] - Sincronizando DB: Ańadiendo logro 'meta_alcanzada'...
2025-11-25 18:57:57,080 - INFO - [app.py:353] - Sincronizando DB: Ańadiendo logro 'explosion_perfecta'...
2025-11-25 18:57:57,081 - INFO - [app.py:353] - Sincronizando DB: Ańadiendo logro 'reflejo_maestro'...
2025-11-25 18:57:57,081 - INFO - [app.py:353] - Sincronizando DB: Ańadiendo logro 'muralla_humana'...
2025-11-25 18:57:57,081 - INFO - [app.py:353] - Sincronizando DB: Ańadiendo logro 'fantasma'...
2025-11-25 18:57:57,082 - INFO - [app.py:353] - Sincronizando DB: Ańadiendo logro 'regenerador'...
2025-11-25 18:57:57,083 - INFO - [app.py:353] - Sincronizando DB: Ańadiendo logro 'ultimo_en_pie'...
2025-11-25 18:57:57,083 - INFO - [app.py:353] - Sincronizando DB: Ańadiendo logro 'viajero_dimensional'...
2025-11-25 18:57:57,083 - INFO - [app.py:353] - Sincronizando DB: Ańadiendo logro 'energizado'...
2025-11-25 18:57:57,084 - INFO - [app.py:353] - Sincronizando DB: Ańadiendo logro 'cazador_de_packs'...
2025-11-25 18:57:57,084 - INFO - [app.py:353] - Sincronizando DB: Ańadiendo logro 'inmortal'...
2025-11-25 18:57:57,084 - INFO - [app.py:353] - Sincronizando DB: Ańadiendo logro 'el_caotico'...
2025-11-25 18:57:57,085 - INFO - [app.py:353] - Sincronizando DB: Ańadiendo logro 'equilibrio_cosmico'...
2025-11-25 18:57:57,085 - INFO - [app.py:353] - Sincronizando DB: Ańadiendo logro 'coleccionista'...
2025-11-25 18:57:57,086 - INFO - [app.py:353] - Sincronizando DB: Ańadiendo logro 'perfeccionista'...
2025-11-25 18:57:57,086 - INFO - [app.py:353] - Sincronizando DB: Ańadiendo logro 'estratega_supremo'...
2025-11-25 18:57:57,086 - INFO - [app.py:353] - Sincronizando DB: Ańadiendo logro 'maratonista'...
2025-11-25 18:57:57,087 - INFO - [app.py:353] - Sincronizando DB: Ańadiendo logro 'precision_laser'...
2025-11-25 18:57:57,100 - INFO - [app.py:358] - ˇSincronización de Logros completa! Se ańadieron 40 nuevos logros a la DB.
2025-11-25 18:57:57,126 - INFO - [app.py:2930] - Hilo de limpieza de salas iniciado.
2025-11-25 18:57:58,299 - INFO - [app.py:2895] - LOGIN DIARIO DETECTADO - Usuario: LoginTester. Último login: None, Hoy: 2025-11-25
2025-11-25 18:58:01,139 - INFO - [app.py:881] - Cliente conectado: MEALGO1at5YbS7kgAAAA
2025-11-25 18:58:01,140 - INFO - [app.py:893] - --- SOCKET AUTHENTICATED --- User: Jugador0, SID: MEALGO1at5YbS7kgAAAA
2025-11-25 18:58:01,146 - INFO - [app.py:881] - Cliente conectado: Br3zdnM7sHH7JVqWAAAB
2025-11-25 18:58:01,147 - INFO - [app.py:893] - --- SOCKET AUTHENTICATED --- User: Jugador1, SID: Br3zdnM7sHH7JVqWAAAB
2025-11-25 18:58:01,150 - INFO - [app.py:881] - Cliente conectado: OuuYC5EmfTkBd-KCAAAC
2025-11-25 18:58:01,151 - INFO - [app.py:893] - --- SOCKET AUTHENTICATED --- User: Jugador2, SID: OuuYC5EmfTkBd-KCAAAC
2025-11-25 18:58:01,155 - INFO - [app.py:881] - Cliente conectado: uYbiZ_pjOwUeAcctAAAD
2025-11-25 18:58:01,156 - INFO - [app.py:893] - --- SOCKET AUTHENTICATED --- User: Jugador3, SID: uYbiZ_pjOwUeAcctAAAD
2025-11-25 18:58:01,159 - INFO - [app.py:881] - Cliente conectado: LCJrNUYze069QDZ4AAAE
2025-11-25 18:58:01,160 - INFO - [app.py:893] - --- SOCKET AUTHENTICATED --- User: Jugador4, SID: LCJrNUYze069QDZ4AAAE
2025-11-25 18:58:01,163 - INFO - [app.py:960] - SALA CREADA - ID: a11c14ea por: Jugador0
2025-11-25 18:58:01,178 - INFO - [app.py:910] - Cliente desconectado: MEALGO1at5YbS7kgAAAA
2025-11-25 18:58:01,181 - INFO - [app.py:946] - --- DESCONEXIÓN INMEDIATA --- Jugador: Jugador0 en Sala: a11c14ea.
2025-11-25 18:58:01,181 - INFO - [app.py:2284] - Finalizando desconexión de Jugador0 (SID: MEALGO1at5YbS7kgAAAA) de sala a11c14ea
2025-11-25 18:58:01,181 - INFO - [app.py:2335] - Confirmado. Eliminando a Jugador0 de la sala a11c14ea.
2025-11-25 18:58:01,182 - INFO - [app.py:910] - Cliente desconectado: Br3zdnM7sHH7JVqWAAAB
2025-11-25 18:58:01,185 - INFO - [app.py:946] - --- DESCONEXIÓN INMEDIATA --- Jugador: Jugador1 en Sala: a11c14ea.
2025-11-25 18:58:01,185 - INFO - [app.py:2284] - Finalizando desconexión de Jugador1 (SID: Br3zdnM7sHH7JVqWAAAB) de sala a11c14ea
2025-11-25 18:58:01,186 - INFO - [app.py:2335] - Confirmado. Eliminando a Jugador1 de la sala a11c14ea.
2025-11-25 18:58:01,187 - INFO - [app.py:910] - Cliente desconectado: OuuYC5EmfTkBd-KCAAAC
2025-11-25 18:58:01,189 - INFO - [app.py:946] - --- DESCONEXIÓN INMEDIATA --- Jugador: Jugador2 en Sala: a11c14ea.
2025-11-25 18:58:01,189 - INFO - [app.py:2284] - Finalizando desconexión de Jugador2 (SID: OuuYC5EmfTkBd-KCAAAC) de sala a11c14ea
2025-11-25 18:58:01,190 - INFO - [app.py:2335] - Confirmado. Eliminando a Jugador2 de la sala a11c14ea.
2025-11-25 18:58:01,191 - INFO - [app.py:910] - Cliente desconectado: uYbiZ_pjOwUeAcctAAAD
2025-11-25 18:58:01,194 - INFO - [app.py:946] - --- DESCONEXIÓN INMEDIATA --- Jugador: Jugador3 en Sala: a11c14ea.
2025-11-25 18:58:01,195 - INFO - [app.py:2284] - Finalizando desconexión de Jugador3 (SID: uYbiZ_pjOwUeAcctAAAD) de sala a11c14ea
2025-11-25 18:58:01,195 - INFO - [app.py:2335] - Confirmado. Eliminando a Jugador3 de la sala a11c14ea.
2025-11-25 18:58:01,195 - INFO - [app.py:2461] - Sala a11c14ea vacía tras desconexión. Eliminando...
2025-11-25 18:58:01,196 - INFO - [app.py:910] - Cliente desconectado: LCJrNUYze069QDZ4AAAE
2025-11-25 18:58:01,198 - INFO - [app.py:949] - Jugador Jugador4 desconectado (no estaba en una sala).
2025-11-25 18:58:03,553 - INFO - [app.py:881] - Cliente conectado: KN_wcUhETumFDs4zAAAF
2025-11-25 18:58:03,554 - INFO - [app.py:893] - --- SOCKET AUTHENTICATED --- User: Player1, SID: KN_wcUhETumFDs4zAAAF
2025-11-25 18:58:03,559 - INFO - [app.py:960] - SALA CREADA - ID: 04490cd3 por: Player1
2025-11-25 18:58:03,561 - INFO - [app.py:881] - Cliente conectado: tGZY6VelIZJyoIThAAAG
2025-11-25 18:58:03,562 - INFO - [app.py:893] - --- SOCKET AUTHENTICATED --- User: Player2, SID: tGZY6VelIZJyoIThAAAG
2025-11-25 18:58:03,567 - INFO - [app.py:910] - Cliente desconectado: KN_wcUhETumFDs4zAAAF
2025-11-25 18:58:03,570 - INFO - [app.py:946] - --- DESCONEXIÓN INMEDIATA --- Jugador: Player1 en Sala: 04490cd3.
2025-11-25 18:58:03,571 - INFO - [app.py:2284] - Finalizando desconexión de Player1 (SID: KN_wcUhETumFDs4zAAAF) de sala 04490cd3
2025-11-25 18:58:03,571 - INFO - [app.py:2335] - Confirmado. Eliminando a Player1 de la sala 04490cd3.
2025-11-25 18:58:03,572 - INFO - [app.py:910] - Cliente desconectado: tGZY6VelIZJyoIThAAAG
2025-11-25 18:58:03,575 - INFO - [app.py:946] - --- DESCONEXIÓN INMEDIATA --- Jugador: Player2 en Sala: 04490cd3.
2025-11-25 18:58:03,575 - INFO - [app.py:2284] - Finalizando desconexión de Player2 (SID: tGZY6VelIZJyoIThAAAG) de sala 04490cd3
2025-11-25 18:58:03,576 - INFO - [app.py:2335] - Confirmado. Eliminando a Player2 de la sala 04490cd3.
2025-11-25 18:58:03,576 - INFO - [app.py:2461] - Sala 04490cd3 vacía tras desconexión. Eliminando...
2025-11-25 18:58:04,327 - INFO - [app.py:881] - Cliente conectado: A2gWWWnA287CydVHAAAH
2025-11-25 18:58:04,328 - INFO - [app.py:893] - --- SOCKET AUTHENTICATED --- User: Player1, SID: A2gWWWnA287CydVHAAAH
2025-11-25 18:58:04,332 - INFO - [app.py:960] - SALA CREADA - ID: 8587c6e5 por: Player1
2025-11-25 18:58:04,334 - INFO - [app.py:881] - Cliente conectado: JzvivjGt6KybkT79AAAI
2025-11-25 18:58:04,335 - INFO - [app.py:893] - --- SOCKET AUTHENTICATED --- User: Player2, SID: JzvivjGt6KybkT79AAAI
2025-11-25 18:58:04,340 - INFO - [app.py:2474] - INTENTANDO INICIAR JUEGO EN SALA 8587c6e5 - Estado actual: esperando
2025-11-25 18:58:04,341 - INFO - [app.py:2493] - sala.iniciar_juego() tuvo ÉXITO. Estado ahora: jugando
2025-11-25 18:58:04,346 - WARNING - [app.py:1185] - ACCIÓN RECHAZADA: No es su turno (lanzar dado)
2025-11-25 18:58:05,081 - INFO - [app.py:881] - Cliente conectado: ousP_osxXDHvGOUWAAAJ
2025-11-25 18:58:05,082 - INFO - [app.py:893] - --- SOCKET AUTHENTICATED --- User: Player1, SID: ousP_osxXDHvGOUWAAAJ
2025-11-25 18:58:05,086 - INFO - [app.py:960] - SALA CREADA - ID: dd1d806d por: Player1
2025-11-25 18:58:05,088 - INFO - [app.py:881] - Cliente conectado: UOTJeSgJ6018jqbtAAAK
2025-11-25 18:58:05,089 - INFO - [app.py:893] - --- SOCKET AUTHENTICATED --- User: Player2, SID: UOTJeSgJ6018jqbtAAAK
2025-11-28 19:16:19,571 - INFO - [app.py:87] - === Servidor Voltrace Iniciando ===
2025-11-28 19:16:19,574 - WARNING - [app.py:172] - ADVERTENCIA: DATABASE_URL no encontrada. Usando 'voltrace.db' (SQLite) local.
2025-11-28 19:16:19,883 - INFO - [app.py:332] - Base de datos inicializada y tablas creadas (si no existían).
2025-11-28 19:16:19,919 - INFO - [app.py:353] - Sincronizando DB: Ańadiendo logro 'first_win'...
2025-11-28 19:16:19,920 - INFO - [app.py:353] - Sincronizando DB: Ańadiendo logro 'first_game'...
2025-11-28 19:16:19,921 - INFO - [app.py:353] - Sincronizando DB: Ańadiendo logro 'first_room'...
2025-11-28 19:16:19,921 - INFO - [app.py:353] - Sincronizando DB: Ańadiendo logro 'first_ability'...
2025-11-28 19:16:19,922 - INFO - [app.py:353] - Sincronizando DB: Ańadiendo logro 'speed_demon'...
2025-11-28 19:16:19,922 - INFO - [app.py:353] - Sincronizando DB: Ańadiendo logro 'survivor'...
2025-11-28 19:16:19,923 - INFO - [app.py:353] - Sincronizando DB: Ańadiendo logro 'energy_master'...
2025-11-28 19:16:19,923 - INFO - [app.py:353] - Sincronizando DB: Ańadiendo logro 'ability_master'...
2025-11-28 19:16:19,923 - INFO - [app.py:353] - Sincronizando DB: Ańadiendo logro 'comeback_king'...
2025-11-28 19:16:19,924 - INFO - [app.py:353] - Sincronizando DB: Ańadiendo logro 'chat_king'...
2025-11-28 19:16:19,924 - INFO - [app.py:353] - Sincronizando DB: Ańadiendo logro 'room_host'...
2025-11-28 19:16:19,924 - INFO - [app.py:353] - Sincronizando DB: Ańadiendo logro 'social_butterfly'...
2025-11-28 19:16:19,925 - INFO - [app.py:353] - Sincronizando DB: Ańadiendo logro 'popular'...
2025-11-28 19:16:19,925 - INFO - [app.py:353] - Sincronizando DB: Ańadiendo logro 'chat_master'...
2025-11-28 19:16:19,925 - INFO - [app.py:353] - Sincronizando DB: Ańadiendo logro 'lucky_seven'...
2025-11-28 19:16:19,926 - INFO - [app.py:353] - Sincronizando DB: Ańadiendo logro 'treasure_hunter'...
2025-11-28 19:16:19,926 - INFO - [app.py:353] - Sincronizando DB: Ańadiendo logro 'trap_avoider'...
2025-11-28 19:16:19,927 - INFO - [app.py:353] - Sincronizando DB: Ańadiendo logro 'veteran'...
2025-11-28 19:16:19,927 - INFO - [app.py:353] - Sincronizando DB: Ańadiendo logro 'champion'...
2025-11-28 19:16:19,927 - INFO - [app.py:353] - Sincronizando DB: Ańadiendo logro 'dedicated'...
2025-11-28 19:16:19,928 - INFO - [app.py:353] - Sincronizando DB: Ańadiendo logro 'level_master'...
2025-11-28 19:16:19,928 - INFO - [app.py:353] - Sincronizando DB: Ańadiendo logro 'superviviente'...
2025-11-28 19:16:19,928 - INFO - [app.py:353] - Sincronizando DB: Ańadiendo logro 'meta_alcanzada'...
2025-11-28 19:16:19,929 - INFO - [app.py:353] - Sincronizando DB: Ańadiendo logro 'explosion_perfecta'...
2025-11-28 19:16:19,929 - INFO - [app.py:353] - Sincronizando DB: Ańadiendo logro 'reflejo_maestro'...
2025-11-28 19:16:19,929 - INFO - [app.py:353] - Sincronizando DB: Ańadiendo logro 'muralla_humana'...
2025-11-28 19:16:19,930 - INFO - [app.py:353] - Sincronizando DB: Ańadiendo logro 'fantasma'...
2025-11-28 19:16:19,930 - INFO - [app.py:353] - Sincronizando DB: Ańadiendo logro 'regenerador'...
2025-11-28 19:16:19,930 - INFO - [app.py:353] - Sincronizando DB: Ańadiendo logro 'ultimo_en_pie'...
2025-11-28 19:16:19,931 - INFO - [app.py:353] - Sincronizando DB: Ańadiendo logro 'viajero_dimensional'...
2025-11-28 19:16:19,931 - INFO - [app.py:353] - Sincronizando DB: Ańadiendo logro 'energizado'...
2025-11-28 19:16:19,931 - INFO - [app.py:353] - Sincronizando DB: Ańadiendo logro 'cazador_de_packs'...
2025-11-28 19:16:19,932 - INFO - [app.py:353] - Sincronizando DB: Ańadiendo logro 'inmortal'...
2025-11-28 19:16:19,932 - INFO - [app.py:353] - Sincronizando DB: Ańadiendo logro 'el_caotico'...
2025-11-28 19:16:19,932 - INFO - [app.py:353] - Sincronizando DB: Ańadiendo logro 'equilibrio_cosmico'...
2025-11-28 19:16:19,932 - INFO - [app.py:353] - Sincronizando DB: Ańadiendo logro 'coleccionista'...
2025-11-28 19:16:19,933 - INFO - [app.py:353] - Sincronizando DB: Ańadiendo logro 'perfeccionista'...
2025-11-28 19:16:19,933 - INFO - [app.py:353] - Sincronizando DB: Ańadiendo logro 'estratega_supremo'...
2025-11-28 19:16:19,934 - INFO - [app.py:353] - Sincronizando DB: Ańadiendo logro 'maratonista'...
2025-11-28 19:16:19,934 - INFO - [app.py:353] - Sincronizando DB: Ańadiendo logro 'precision_laser'...
2025-11-28 19:16:19,945 - INFO - [app.py:358] - ˇSincronización de Logros completa! Se ańadieron 40 nuevos logros a la DB.
2025-11-28 19:16:19,969 - INFO - [app.py:2930] - Hilo de limpieza de salas iniciado.
2025-11-28 19:16:56,609 - INFO - [app.py:87] - === Servidor Voltrace Iniciando ===
2025-11-28 19:16:56,612 - WARNING - [app.py:172] - ADVERTENCIA: DATABASE_URL no encontrada. Usando 'voltrace.db' (SQLite) local.
2025-11-28 19:16:56,674 - INFO - [app.py:332] - Base de datos inicializada y tablas creadas (si no existían).
2025-11-28 19:16:56,713 - INFO - [app.py:360] - Sincronización de Logros: La DB ya está actualizada.
2025-11-28 19:16:56,737 - INFO - [app.py:2930] - Hilo de limpieza de salas iniciado.
2025-11-28 19:21:23,761 - INFO - [app.py:87] - === Servidor Voltrace Iniciando ===
2025-11-28 19:21:23,764 - WARNING - [app.py:172] - ADVERTENCIA: DATABASE_URL no encontrada. Usando 'voltrace.db' (SQLite) local.
2025-11-28 19:21:23,828 - INFO - [app.py:332] - Base de datos inicializada y tablas creadas (si no existían).
2025-11-28 19:21:23,870 - INFO - [app.py:360] - Sincronización de Logros: La DB ya está actualizada.
2025-11-28 19:21:23,895 - INFO - [app.py:2930] - Hilo de limpieza de salas iniciado.
2025-11-28 19:33:48,739 - INFO - [app.py:87] - === Servidor Voltrace Iniciando ===
2025-11-28 19:33:48,742 - WARNING - [app.py:172] - ADVERTENCIA: DATABASE_URL no encontrada. Usando 'voltrace.db' (SQLite) local.
2025-11-28 19:33:48,815 - INFO - [app.py:332] - Base de datos inicializada y tablas creadas (si no existían).
2025-11-28 19:33:48,859 - INFO - [app.py:360] - Sincronización de Logros: La DB ya está actualizada.
2025-11-28 19:33:48,887 - INFO - [app.py:2930] - Hilo de limpieza de salas iniciado.
2026-06-23 16:30:28,274 - INFO - [app.py:114] - === Servidor Voltrace Iniciando ===
2026-06-23 16:30:28,277 - WARNING - [app.py:218] - ADVERTENCIA: DATABASE_URL no encontrada. Usando 'voltrace.db' (SQLite) local.
2026-06-23 16:30:28,409 - INFO - [app.py:456] - Base de datos inicializada y tablas creadas (si no existían).
2026-06-23 16:30:28,411 - ERROR - [app.py:490] - !!! ERROR al sincronizar la tabla de Logros: No module named 'models'
Traceback (most recent call last):
  File "C:\Users\Lucca\Desktop\Projectos\VoltRace\src\app.py", line 458, in <module>
    from models import Achievement  # Importar el modelo
    ^^^^^^^^^^^^^^^^^^^^^^^^^^^^^^
ModuleNotFoundError: No module named 'models'
2026-06-23 16:30:28,426 - INFO - [app.py:3871] - Hilo de limpieza de salas iniciado.
2026-06-23 16:32:36,921 - INFO - [app.py:114] - === Servidor Voltrace Iniciando ===
2026-06-23 16:32:36,923 - WARNING - [app.py:218] - ADVERTENCIA: DATABASE_URL no encontrada. Usando 'voltrace.db' (SQLite) local.
2026-06-23 16:32:36,969 - INFO - [app.py:456] - Base de datos inicializada y tablas creadas (si no existían).
2026-06-23 16:32:37,013 - INFO - [app.py:486] - Sincronización de Logros: La DB ya está actualizada.
2026-06-23 16:32:37,032 - INFO - [app.py:3871] - Hilo de limpieza de salas iniciado.
2026-06-23 16:39:37,613 - INFO - [app.py:114] - === Servidor Voltrace Iniciando ===
2026-06-23 16:39:37,615 - WARNING - [app.py:218] - ADVERTENCIA: DATABASE_URL no encontrada. Usando 'voltrace.db' (SQLite) local.
2026-06-23 16:39:37,650 - INFO - [app.py:456] - Base de datos inicializada y tablas creadas (si no existían).
2026-06-23 16:39:37,681 - INFO - [app.py:486] - Sincronización de Logros: La DB ya está actualizada.
2026-06-23 16:39:37,696 - INFO - [app.py:3871] - Hilo de limpieza de salas iniciado.
2026-06-23 16:39:37,697 - INFO - [app.py:3877] - Iniciando servidor SocketIO en el puerto 5000...
2026-06-23 16:39:39,037 - INFO - [app.py:114] - === Servidor Voltrace Iniciando ===
2026-06-23 16:39:39,038 - WARNING - [app.py:218] - ADVERTENCIA: DATABASE_URL no encontrada. Usando 'voltrace.db' (SQLite) local.
2026-06-23 16:39:39,070 - INFO - [app.py:456] - Base de datos inicializada y tablas creadas (si no existían).
2026-06-23 16:39:39,099 - INFO - [app.py:486] - Sincronización de Logros: La DB ya está actualizada.
2026-06-23 16:39:39,115 - INFO - [app.py:3871] - Hilo de limpieza de salas iniciado.
2026-06-23 16:39:39,116 - INFO - [app.py:3877] - Iniciando servidor SocketIO en el puerto 5000...
2026-06-23 16:39:44,769 - INFO - [app.py:1119] - Cliente conectado: 7wP91N0_9pVXLrD9AAAB
2026-06-23 16:40:06,472 - INFO - [app.py:1161] - Cliente desconectado: 7wP91N0_9pVXLrD9AAAB
2026-06-23 16:40:06,472 - WARNING - [app.py:1168] - Desconexión de un SID no autenticado.
2026-06-23 16:40:53,611 - INFO - [app.py:1119] - Cliente conectado: 6b_OL-FD0JACFHtgAAAD
2026-06-23 16:50:23,390 - INFO - [app.py:121] - === Servidor Voltrace Iniciando ===
2026-06-23 16:50:23,391 - INFO - [app.py:215] - Usando base de datos de producción (PostgreSQL).
2026-06-23 16:51:42,851 - INFO - [app.py:121] - === Servidor Voltrace Iniciando ===
2026-06-23 16:51:42,853 - INFO - [app.py:215] - Usando base de datos de producción (PostgreSQL).
2026-06-23 16:53:03,214 - INFO - [app.py:121] - === Servidor Voltrace Iniciando ===
2026-06-23 16:53:03,215 - INFO - [app.py:215] - Usando base de datos de producción (PostgreSQL).
2026-06-23 16:53:05,095 - INFO - [app.py:463] - Base de datos inicializada y tablas creadas (si no existían).
2026-06-23 16:53:05,260 - INFO - [app.py:493] - Sincronización de Logros: La DB ya está actualizada.
2026-06-23 16:53:05,320 - INFO - [app.py:3878] - Hilo de limpieza de salas iniciado.
2026-06-23 16:53:05,320 - INFO - [app.py:3884] - Iniciando servidor SocketIO en el puerto 5000...
2026-06-23 16:53:06,508 - INFO - [app.py:121] - === Servidor Voltrace Iniciando ===
2026-06-23 16:53:06,510 - INFO - [app.py:215] - Usando base de datos de producción (PostgreSQL).
2026-06-23 16:53:07,699 - INFO - [app.py:463] - Base de datos inicializada y tablas creadas (si no existían).
2026-06-23 16:53:07,853 - INFO - [app.py:493] - Sincronización de Logros: La DB ya está actualizada.
2026-06-23 16:53:07,910 - INFO - [app.py:3878] - Hilo de limpieza de salas iniciado.
2026-06-23 16:53:07,910 - INFO - [app.py:3884] - Iniciando servidor SocketIO en el puerto 5000...
2026-06-23 16:55:50,831 - INFO - [app.py:1126] - Cliente conectado: amtUiVvGYMwseVZIAAAB
2026-06-23 16:55:55,267 - INFO - [app.py:1141] - --- SOCKET AUTHENTICATED --- User: Pane, SID: amtUiVvGYMwseVZIAAAB
2026-06-23 16:56:14,279 - INFO - [app.py:1228] - SALA CREADA - ID: cab14d39 por: Pane
2026-06-23 16:56:17,662 - INFO - [app.py:1356] - Jugador Pane (Socket: amtUiVvGYMwseVZIAAAB) salió voluntariamente de la sala cab14d39
2026-06-23 16:56:17,662 - INFO - [app.py:1362] - Sala cab14d39 vacía tras salida voluntaria. Eliminando...
2026-06-23 16:59:33,253 - INFO - [app.py:1168] - Cliente desconectado: amtUiVvGYMwseVZIAAAB
2026-06-23 16:59:33,771 - INFO - [app.py:1214] - Jugador Pane desconectado (no estaba en una sala).
2026-06-25 16:30:19,502 - INFO - [app.py:122] - === Servidor Voltrace Iniciando ===
2026-06-25 16:30:19,504 - INFO - [app.py:212] - Usando base de datos de producción (PostgreSQL).
2026-06-25 16:30:25,429 - INFO - [app.py:461] - Base de datos inicializada y tablas creadas (si no existían).
2026-06-25 16:30:25,612 - INFO - [app.py:491] - Sincronización de Logros: La DB ya está actualizada.
2026-06-25 16:30:25,675 - INFO - [app.py:3876] - Hilo de limpieza de salas iniciado.
2026-06-25 16:34:33,089 - INFO - [app.py:123] - === Servidor Voltrace Iniciando ===
2026-06-25 16:34:33,091 - INFO - [app.py:213] - Usando base de datos de producción (PostgreSQL).
2026-06-25 16:34:33,209 - INFO - [app.py:462] - Base de datos inicializada y tablas creadas (si no existían).
2026-06-25 16:34:34,098 - INFO - [app.py:492] - Sincronización de Logros: La DB ya está actualizada.
2026-06-25 16:34:54,215 - INFO - [app.py:123] - === Servidor Voltrace Iniciando ===
2026-06-25 16:34:54,216 - INFO - [app.py:213] - Usando base de datos de producción (PostgreSQL).
2026-06-25 16:34:54,289 - INFO - [app.py:462] - Base de datos inicializada y tablas creadas (si no existían).
2026-06-25 16:34:55,104 - INFO - [app.py:492] - Sincronización de Logros: La DB ya está actualizada.
2026-06-25 16:35:00,203 - INFO - [app.py:123] - === Servidor Voltrace Iniciando ===
2026-06-25 16:35:00,205 - INFO - [app.py:213] - Usando base de datos de producción (PostgreSQL).
2026-06-25 16:35:00,303 - INFO - [app.py:462] - Base de datos inicializada y tablas creadas (si no existían).
2026-06-25 16:35:01,151 - INFO - [app.py:492] - Sincronización de Logros: La DB ya está actualizada.
2026-06-25 19:32:06,750 - INFO - [app.py:127] - === Servidor Voltrace Iniciando ===
2026-06-25 19:32:06,755 - INFO - [app.py:217] - Usando base de datos de producción (PostgreSQL).
2026-06-25 19:32:09,385 - INFO - [app.py:467] - Base de datos inicializada y tablas creadas (si no existían).
2026-06-25 19:32:11,080 - INFO - [app.py:497] - Sincronización de Logros: La DB ya está actualizada.
2026-06-25 19:32:11,134 - INFO - [app.py:4005] - Hilo de limpieza de salas iniciado.
2026-06-25 19:32:11,134 - INFO - [app.py:4011] - Iniciando servidor SocketIO en el puerto 5000...
2026-06-25 19:32:15,822 - INFO - [app.py:127] - === Servidor Voltrace Iniciando ===
2026-06-25 19:32:15,824 - INFO - [app.py:217] - Usando base de datos de producción (PostgreSQL).
2026-06-25 19:32:17,577 - INFO - [app.py:467] - Base de datos inicializada y tablas creadas (si no existían).
2026-06-25 19:32:18,361 - INFO - [app.py:497] - Sincronización de Logros: La DB ya está actualizada.
2026-06-25 19:32:18,418 - INFO - [app.py:4005] - Hilo de limpieza de salas iniciado.
2026-06-25 19:32:18,418 - INFO - [app.py:4011] - Iniciando servidor SocketIO en el puerto 5000...
2026-06-25 19:32:36,676 - INFO - [app.py:3950] - LOGIN DIARIO DETECTADO - Usuario: Pane. Último login: 2026-06-23, Hoy: 2026-06-25
2026-06-25 19:32:39,735 - INFO - [app.py:1130] - Cliente conectado: ZEjDo2fvtROKeNWuAAAB
2026-06-25 19:32:39,783 - INFO - [app.py:1145] - --- SOCKET AUTHENTICATED --- User: Pane, SID: ZEjDo2fvtROKeNWuAAAB
2026-06-25 19:32:39,809 - INFO - [app.py:1145] - --- SOCKET AUTHENTICATED --- User: Pane, SID: ZEjDo2fvtROKeNWuAAAB
2026-06-25 19:32:42,015 - INFO - [app.py:1232] - SALA CREADA - ID: 76d64162 por: Pane
2026-06-25 19:35:22,730 - INFO - [app.py:1172] - Cliente desconectado: ZEjDo2fvtROKeNWuAAAB
2026-06-25 19:35:22,895 - INFO - [app.py:1213] - --- DESCONEXIÓN INMEDIATA --- Jugador: Pane en Sala: 76d64162.
2026-06-25 19:35:22,896 - INFO - [app.py:3005] - Finalizando desconexión de Pane (SID: ZEjDo2fvtROKeNWuAAAB) de sala 76d64162
2026-06-25 19:35:22,896 - INFO - [app.py:3083] - Confirmado. Eliminando a Pane de la sala 76d64162.
2026-06-25 19:35:22,897 - INFO - [app.py:3244] - Sala 76d64162 vacía tras desconexión. Eliminando...
2026-06-25 19:40:31,030 - INFO - [app.py:127] - === Servidor Voltrace Iniciando ===
2026-06-25 19:40:31,033 - INFO - [app.py:217] - Usando base de datos de producción (PostgreSQL).
2026-06-25 19:40:33,647 - INFO - [app.py:467] - Base de datos inicializada y tablas creadas (si no existían).
2026-06-25 19:40:35,720 - INFO - [app.py:497] - Sincronización de Logros: La DB ya está actualizada.
2026-06-25 19:40:35,787 - INFO - [app.py:4005] - Hilo de limpieza de salas iniciado.
2026-06-25 19:40:35,788 - INFO - [app.py:4011] - Iniciando servidor SocketIO en el puerto 5000...
2026-06-25 19:40:44,425 - INFO - [app.py:127] - === Servidor Voltrace Iniciando ===
2026-06-25 19:40:44,428 - INFO - [app.py:217] - Usando base de datos de producción (PostgreSQL).
2026-06-25 19:40:46,368 - INFO - [app.py:467] - Base de datos inicializada y tablas creadas (si no existían).
2026-06-25 19:40:47,195 - INFO - [app.py:497] - Sincronización de Logros: La DB ya está actualizada.
2026-06-25 19:40:47,252 - INFO - [app.py:4005] - Hilo de limpieza de salas iniciado.
2026-06-25 19:40:47,252 - INFO - [app.py:4011] - Iniciando servidor SocketIO en el puerto 5000...
2026-06-25 19:40:54,692 - INFO - [app.py:1130] - Cliente conectado: B6xOfHu74hZYA5VyAAAB
2026-06-25 19:40:54,721 - INFO - [app.py:1145] - --- SOCKET AUTHENTICATED --- User: Pane, SID: B6xOfHu74hZYA5VyAAAB
2026-06-25 19:40:54,739 - INFO - [app.py:1145] - --- SOCKET AUTHENTICATED --- User: Pane, SID: B6xOfHu74hZYA5VyAAAB
2026-06-25 19:40:56,050 - INFO - [app.py:1232] - SALA CREADA - ID: d8e23f24 por: Pane
2026-06-25 19:41:06,193 - INFO - [app.py:3260] - INTENTANDO INICIAR JUEGO EN SALA d8e23f24 - Estado actual: esperando
2026-06-25 19:41:06,194 - INFO - [app.py:3290] - sala.iniciar_juego() tuvo ÉXITO. Estado ahora: jugando
2026-06-25 19:41:10,117 - INFO - [app.py:3546] - Calculando turno de Bot_1 en sala d8e23f24...
2026-06-25 19:41:12,120 - INFO - [app.py:3546] - Calculando turno de Bot_1 en sala d8e23f24...
2026-06-25 19:41:14,123 - INFO - [app.py:3546] - Calculando turno de Bot_2 en sala d8e23f24...
2026-06-25 19:41:16,138 - INFO - [app.py:3546] - Calculando turno de Bot_2 en sala d8e23f24...
2026-06-25 19:41:18,142 - INFO - [app.py:3546] - Calculando turno de Bot_3 en sala d8e23f24...
2026-06-25 19:41:20,149 - INFO - [app.py:3546] - Calculando turno de Bot_3 en sala d8e23f24...
2026-06-25 19:41:22,151 - INFO - [app.py:3546] - Calculando turno de Bot_3 en sala d8e23f24...
2026-06-25 19:41:24,155 - INFO - [app.py:3546] - Calculando turno de Bot_3 en sala d8e23f24...
2026-06-25 19:41:46,101 - INFO - [app.py:3546] - Calculando turno de Bot_1 en sala d8e23f24...
2026-06-25 19:41:48,223 - INFO - [app.py:3546] - Calculando turno de Bot_1 en sala d8e23f24...
2026-06-25 19:41:50,230 - INFO - [app.py:3546] - Calculando turno de Bot_1 en sala d8e23f24...
2026-06-25 19:41:52,245 - INFO - [app.py:3546] - Calculando turno de Bot_1 en sala d8e23f24...
2026-06-25 19:41:54,248 - INFO - [app.py:3546] - Calculando turno de Bot_1 en sala d8e23f24...
2026-06-25 19:41:56,297 - INFO - [app.py:3546] - Calculando turno de Bot_1 en sala d8e23f24...
2026-06-25 19:41:58,303 - INFO - [app.py:3546] - Calculando turno de Bot_2 en sala d8e23f24...
2026-06-25 19:42:00,372 - INFO - [app.py:3546] - Calculando turno de Bot_2 en sala d8e23f24...
2026-06-25 19:42:02,380 - INFO - [app.py:3546] - Calculando turno de Bot_2 en sala d8e23f24...
2026-06-25 19:42:04,385 - INFO - [app.py:3546] - Calculando turno de Bot_2 en sala d8e23f24...
2026-06-25 19:42:06,391 - INFO - [app.py:3546] - Calculando turno de Bot_2 en sala d8e23f24...
2026-06-25 19:42:08,394 - INFO - [app.py:3546] - Calculando turno de Bot_2 en sala d8e23f24...
2026-06-25 19:42:10,398 - INFO - [app.py:3546] - Calculando turno de Bot_2 en sala d8e23f24...
2026-06-25 19:42:12,403 - INFO - [app.py:3546] - Calculando turno de Bot_2 en sala d8e23f24...
2026-06-25 19:42:14,405 - INFO - [app.py:3546] - Calculando turno de Bot_2 en sala d8e23f24...
2026-06-25 19:42:16,637 - INFO - [app.py:3546] - Calculando turno de Bot_2 en sala d8e23f24...
2026-06-25 19:42:18,648 - INFO - [app.py:3546] - Calculando turno de Bot_2 en sala d8e23f24...
2026-06-25 19:42:20,815 - INFO - [app.py:3546] - Calculando turno de Bot_3 en sala d8e23f24...
2026-06-25 19:42:41,255 - INFO - [app.py:3546] - Calculando turno de Bot_1 en sala d8e23f24...
2026-06-25 19:42:43,272 - INFO - [app.py:3546] - Calculando turno de Bot_1 en sala d8e23f24...
2026-06-25 19:42:45,533 - INFO - [app.py:3546] - Calculando turno de Bot_2 en sala d8e23f24...
2026-06-25 19:42:47,536 - INFO - [app.py:3546] - Calculando turno de Bot_2 en sala d8e23f24...
2026-06-25 19:42:49,797 - INFO - [app.py:3546] - Calculando turno de Bot_3 en sala d8e23f24...
2026-06-25 19:42:51,800 - INFO - [app.py:3546] - Calculando turno de Bot_3 en sala d8e23f24...
2026-06-25 19:42:54,043 - INFO - [app.py:3546] - Calculando turno de Bot_3 en sala d8e23f24...
2026-06-25 19:43:38,417 - INFO - [app.py:1172] - Cliente desconectado: B6xOfHu74hZYA5VyAAAB
2026-06-25 19:43:38,584 - INFO - [app.py:1213] - --- DESCONEXIÓN INMEDIATA --- Jugador: Pane en Sala: d8e23f24.
2026-06-25 19:43:38,584 - INFO - [app.py:3005] - Finalizando desconexión de Pane (SID: B6xOfHu74hZYA5VyAAAB) de sala d8e23f24
2026-06-25 19:43:38,584 - INFO - [app.py:3083] - Confirmado. Eliminando a Pane de la sala d8e23f24.
2026-06-25 19:43:38,585 - INFO - [app.py:3196] - ˇEra el turno de Pane! Forzando avance de turno limpio.
2026-06-25 19:43:40,592 - INFO - [app.py:3546] - Calculando turno de Bot_1 en sala d8e23f24...
2026-06-25 19:43:42,605 - INFO - [app.py:3546] - Calculando turno de Bot_2 en sala d8e23f24...
2026-06-25 19:43:44,623 - INFO - [app.py:3546] - Calculando turno de Bot_2 en sala d8e23f24...
2026-06-25 19:43:46,628 - INFO - [app.py:3546] - Calculando turno de Bot_2 en sala d8e23f24...
2026-06-25 19:43:48,646 - INFO - [app.py:3546] - Calculando turno de Bot_3 en sala d8e23f24...
2026-06-25 19:43:50,652 - INFO - [app.py:3546] - Calculando turno de Bot_3 en sala d8e23f24...
2026-06-25 19:43:52,666 - INFO - [app.py:3546] - Calculando turno de Bot_1 en sala d8e23f24...
2026-06-25 19:43:54,677 - INFO - [app.py:3546] - Calculando turno de Bot_1 en sala d8e23f24...
2026-06-25 19:43:56,693 - INFO - [app.py:3546] - Calculando turno de Bot_1 en sala d8e23f24...
2026-06-25 19:43:59,056 - INFO - [app.py:3546] - Calculando turno de Bot_1 en sala d8e23f24...
2026-06-25 19:44:01,074 - INFO - [app.py:3546] - Calculando turno de Bot_1 en sala d8e23f24...
2026-06-25 19:44:03,270 - INFO - [app.py:3546] - Calculando turno de Bot_2 en sala d8e23f24...
2026-06-25 19:44:05,292 - INFO - [app.py:3546] - Calculando turno de Bot_2 en sala d8e23f24...
2026-06-25 19:44:07,421 - INFO - [app.py:3546] - Calculando turno de Bot_2 en sala d8e23f24...
2026-06-25 19:44:09,430 - INFO - [app.py:3546] - Calculando turno de Bot_2 en sala d8e23f24...
2026-06-25 19:44:11,605 - INFO - [app.py:3546] - Calculando turno de Bot_2 en sala d8e23f24...
2026-06-25 19:44:13,636 - INFO - [app.py:3546] - Calculando turno de Bot_2 en sala d8e23f24...
2026-06-25 19:44:15,887 - INFO - [app.py:3546] - Calculando turno de Bot_2 en sala d8e23f24...
2026-06-25 19:44:17,895 - INFO - [app.py:3546] - Calculando turno de Bot_2 en sala d8e23f24...
2026-06-25 19:44:20,149 - INFO - [app.py:3546] - Calculando turno de Bot_2 en sala d8e23f24...
2026-06-25 19:46:13,903 - INFO - [app.py:127] - === Servidor Voltrace Iniciando ===
2026-06-25 19:46:13,905 - INFO - [app.py:217] - Usando base de datos de producción (PostgreSQL).
2026-06-25 19:46:15,768 - INFO - [app.py:467] - Base de datos inicializada y tablas creadas (si no existían).
2026-06-25 19:46:16,650 - INFO - [app.py:497] - Sincronización de Logros: La DB ya está actualizada.
2026-06-25 19:46:16,708 - INFO - [app.py:4005] - Hilo de limpieza de salas iniciado.
2026-06-25 19:46:16,708 - INFO - [app.py:4011] - Iniciando servidor SocketIO en el puerto 5000...
2026-06-25 19:46:27,286 - INFO - [app.py:127] - === Servidor Voltrace Iniciando ===
2026-06-25 19:46:27,289 - INFO - [app.py:217] - Usando base de datos de producción (PostgreSQL).
2026-06-25 19:46:29,350 - INFO - [app.py:467] - Base de datos inicializada y tablas creadas (si no existían).
2026-06-25 19:46:30,174 - INFO - [app.py:497] - Sincronización de Logros: La DB ya está actualizada.
2026-06-25 19:46:30,242 - INFO - [app.py:4005] - Hilo de limpieza de salas iniciado.
2026-06-25 19:46:30,242 - INFO - [app.py:4011] - Iniciando servidor SocketIO en el puerto 5000...
